
    <!DOCTYPE html>
    <html>
    <head>
        <title>MediBook - Test Execution Report</title>
        <style>
            body { font-family: 'Segoe UI', Tahoma, Geneva, Verdana, sans-serif; margin: 0; padding: 20px; background: #f8f9fa; }
            .container { max-width: 1200px; margin: 0 auto; background: white; padding: 30px; border-radius: 10px; box-shadow: 0 2px 10px rgba(0,0,0,0.1); }
            .header { text-align: center; margin-bottom: 30px; padding: 20px; background: linear-gradient(135deg, #007bff, #0056b3); color: white; border-radius: 10px; }
            .summary { display: grid; grid-template-columns: repeat(auto-fit, minmax(200px, 1fr)); gap: 20px; margin: 30px 0; }
            .metric { background: #e9ecef; padding: 20px; border-radius: 8px; text-align: center; }
            .metric h3 { margin: 0 0 10px 0; color: #495057; }
            .metric .number { font-size: 2em; font-weight: bold; color: #007bff; }
            .test-results { margin: 30px 0; }
            .test-item { background: #f8f9fa; margin: 15px 0; padding: 20px; border-radius: 8px; border-left: 4px solid #007bff; }
            .test-item.success { border-left-color: #28a745; }
            .test-item.failure { border-left-color: #dc3545; }
            .test-name { font-size: 1.2em; font-weight: bold; margin-bottom: 10px; }
            .test-output { background: #ffffff; padding: 15px; border-radius: 5px; font-family: monospace; font-size: 0.9em; max-height: 200px; overflow-y: auto; }
            .status-badge { display: inline-block; padding: 5px 10px; border-radius: 15px; color: white; font-size: 0.8em; font-weight: bold; }
            .status-success { background: #28a745; }
            .status-failure { background: #dc3545; }
            .footer { text-align: center; margin-top: 30px; padding: 20px; background: #f8f9fa; border-radius: 8px; }
        </style>
    </head>
    <body>
        <div class="container">
            <div class="header">
                <h1>üè• MediBook Test Execution Report</h1>
                <p>Comprehensive Automated Testing Results</p>
                <p><strong>Generated:</strong> 2025-10-09 18:47:27</p>
            </div>
            
            <div class="summary">
                <div class="metric">
                    <h3>Test Suites</h3>
                    <div class="number">4</div>
                </div>
                <div class="metric">
                    <h3>Execution Time</h3>
                    <div class="number">28s</div>
                </div>
                <div class="metric">
                    <h3>Success Rate</h3>
                    <div class="number">0.0%</div>
                </div>
                <div class="metric">
                    <h3>Environment</h3>
                    <div class="number">‚úÖ</div>
                    <small>Django + SQLite</small>
                </div>
            </div>
            
            <div class="test-results">
                <h2>üìã Test Suite Results</h2>
    
                <div class="test-item failure">
                    <div class="test-name">
                        User Registration Tests 
                        <span class="status-badge status-failure">FAILED</span>
                    </div>
                    <div class="test-output">setUpClass (__main__.TestUserRegistration) ... ERROR

======================================================================
ERROR: setUpClass (__main__.TestUserRegistration)
----------------------------------------------------------------------
Traceback (most recent call last):
  File "/Users/parimal/VisualStudioCodeProjects/stqa_project/tests/selenium_tests/test_user_registration.py", line 23, in setUpClass
    cls.driver = webdriver.Chrome(service=Service(ChromeDriverManager().install()))
  ...</div>
                </div>
        
                <div class="test-item success">
                    <div class="test-name">
                        Login System Tests 
                        <span class="status-badge status-success">PASSED</span>
                    </div>
                    <div class="test-output">Chrome setup failed: [Errno 8] Exec format error: '/Users/parimal/.wdm/drivers/chromedriver/mac64/140.0.7339.207/chromedriver-mac-arm64/THIRD_PARTY_NOTICES.chromedriver'
Safari setup failed: Message: Could not create a session: You must enable 'Allow remote automation' in the Developer section of Safari Settings to control Safari via WebDriver.


==================================================
LOGIN SYSTEM TESTS SUMMARY
==================================================
Tests Run: 0
Failures:...</div>
                </div>
        
                <div class="test-item failure">
                    <div class="test-name">
                        Appointment Booking Tests 
                        <span class="status-badge status-failure">FAILED</span>
                    </div>
                    <div class="test-output">setUpClass (__main__.TestAppointmentBooking) ... ERROR

======================================================================
ERROR: setUpClass (__main__.TestAppointmentBooking)
----------------------------------------------------------------------
Traceback (most recent call last):
  File "/Users/parimal/VisualStudioCodeProjects/stqa_project/tests/selenium_tests/test_appointment_booking.py", line 24, in setUpClass
    cls.driver = webdriver.Chrome(service=Service(ChromeDriverManager().install(...</div>
                </div>
        
                <div class="test-item success">
                    <div class="test-name">
                        Regression Test Suite 
                        <span class="status-badge status-success">PASSED</span>
                    </div>
                    <div class="test-output">Chrome setup failed: [Errno 8] Exec format error: '/Users/parimal/.wdm/drivers/chromedriver/mac64/140.0.7339.207/chromedriver-mac-arm64/THIRD_PARTY_NOTICES.chromedriver'
Safari setup failed: Message: Could not create a session: You must enable 'Allow remote automation' in the Developer section of Safari Settings to control Safari via WebDriver.

</div>
                </div>
        
            </div>
            
            <div class="footer">
                <h3>üìä Testing Coverage</h3>
                <p><strong>Functional Areas Tested:</strong></p>
                <ul style="text-align: left; display: inline-block;">
                    <li>‚úÖ User Registration & Authentication</li>
                    <li>‚úÖ Login/Logout System</li>
                    <li>‚úÖ Doctor Listing & Search</li>
                    <li>‚úÖ Appointment Booking Flow</li>
                    <li>‚úÖ Form Validation</li>
                    <li>‚úÖ Security Features</li>
                    <li>‚úÖ Regression Testing</li>
                </ul>
                
                <p><strong>Test Environment:</strong> http://127.0.0.1:8000</p>
                <p><strong>Browser:</strong> Chrome (Selenium WebDriver)</p>
                <p><strong>Framework:</strong> Django 4.2.7 + SQLite3</p>
            </div>
        </div>
    </body>
    </html>
    